This is e-pTeX, Version 3.1415926-p3.4-110825-2.6 (utf8.euc) (TeX Live 2013) (format=platex 2014.5.25)  25 JUN 2020 19:45
entering extended mode
 restricted \write18 enabled.
 %&-line parsing enabled.
**EstimationCalculations
(./EstimationCalculations.tex
pLaTeX2e <2006/11/10> (based on LaTeX2e <2011/06/27> patch level 0)
Babel <3.9f> and hyphenation patterns for 78 languages loaded.

(/Applications/TeXLive/Library/texlive/2013/texmf-dist/tex/platex/base/jbook.cl
s
Document Class: jbook 2006/06/27 v1.6 Standard pLaTeX class
\c@@paper=\count81

(/Applications/TeXLive/Library/texlive/2013/texmf-dist/tex/platex/base/jbk11.cl
o
File: jbk11.clo 2006/06/27 v1.6 Standard pLaTeX file (size option)
)
\c@part=\count82
\c@chapter=\count83
\c@section=\count84
\c@subsection=\count85
\c@subsubsection=\count86
\c@paragraph=\count87
\c@subparagraph=\count88
\c@figure=\count89
\c@table=\count90
\abovecaptionskip=\skip41
\belowcaptionskip=\skip42
\symmincho=\mathgroup4
LaTeX Font Info:    Overwriting symbol font `mincho' in version `bold'
(Font)                  JY1/mc/m/n --> JY1/gt/m/n on input line 680.
\toclineskip=\dimen118
\@lnumwidth=\dimen119
\bibindent=\dimen120
\heisei=\count91
)
No file EstimationCalculations.aux.
\openout1 = `EstimationCalculations.aux'.

LaTeX Font Info:    Checking defaults for OML/cmm/m/it on input line 6.
LaTeX Font Info:    ... okay on input line 6.
LaTeX Font Info:    Checking defaults for T1/cmr/m/n on input line 6.
LaTeX Font Info:    ... okay on input line 6.
LaTeX Font Info:    Checking defaults for OT1/cmr/m/n on input line 6.
LaTeX Font Info:    ... okay on input line 6.
LaTeX Font Info:    Checking defaults for OMS/cmsy/m/n on input line 6.
LaTeX Font Info:    ... okay on input line 6.
LaTeX Font Info:    Checking defaults for OMX/cmex/m/n on input line 6.
LaTeX Font Info:    ... okay on input line 6.
LaTeX Font Info:    Checking defaults for U/cmr/m/n on input line 6.
LaTeX Font Info:    ... okay on input line 6.
LaTeX Font Info:    Checking defaults for JY1/mc/m/n on input line 6.
LaTeX Font Info:    ... okay on input line 6.
LaTeX Font Info:    Checking defaults for JT1/mc/m/n on input line 6.
LaTeX Font Info:    ... okay on input line 6.
第 1 章
LaTeX Font Info:    Font shape `JT1/mc/bx/n' in size <20.74> not available
(Font)              Font shape `JT1/gt/m/n' tried instead on input line 7.
LaTeX Font Info:    Font shape `JY1/mc/bx/n' in size <20.74> not available
(Font)              Font shape `JY1/gt/m/n' tried instead on input line 7.
LaTeX Font Info:    Font shape `JT1/mc/bx/n' in size <14.4> not available
(Font)              Font shape `JT1/gt/m/n' tried instead on input line 8.
LaTeX Font Info:    Font shape `JY1/mc/bx/n' in size <14.4> not available
(Font)              Font shape `JY1/gt/m/n' tried instead on input line 8.
LaTeX Font Info:    External font `cmex10' loaded for size
(Font)              <10.95> on input line 10.
LaTeX Font Info:    External font `cmex10' loaded for size
(Font)              <8> on input line 10.
LaTeX Font Info:    External font `cmex10' loaded for size
(Font)              <6> on input line 10.
LaTeX Font Info:    Font shape `JT1/mc/bx/n' in size <10.95> not available
(Font)              Font shape `JT1/gt/m/n' tried instead on input line 14.
LaTeX Font Info:    Font shape `JY1/mc/bx/n' in size <10.95> not available
(Font)              Font shape `JY1/gt/m/n' tried instead on input line 14.

LaTeX Warning: Citation `PhysRevB.92.214406' on page 1 undefined on input line 
14.

[1


]

LaTeX Warning: Citation `PhysRevB.92.214406' on page 2 undefined on input line 
52.


LaTeX Warning: Citation `PhysRevB.92.214406' on page 2 undefined on input line 
52.

[2]

LaTeX Warning: Citation `PhysRevB.92.064426' on page 3 undefined on input line 
83.

[3]

LaTeX Warning: Citation `Zhang10.1038.nphys3304' on page 4 undefined on input l
ine 130.


LaTeX Warning: Citation `Taoeaat1670' on page 4 undefined on input line 135.

[4]
第 2 章
No file EstimationCalculations.bbl.
[5

] (./EstimationCalculations.aux)

LaTeX Warning: There were undefined references.

 ) 
Here is how much of TeX's memory you used:
 326 strings out of 494004
 3649 string characters out of 6147768
 64439 words of memory out of 5000000
 3860 multiletter control sequences out of 15000+600000
 15111 words of font info for 59 fonts, out of 8000000 for 9000
 745 hyphenation exceptions out of 8191
 22i,10n,23p,529b,154s stack positions out of 5000i,500n,10000p,200000b,80000s

Output written on EstimationCalculations.dvi (5 pages, 18976 bytes).
